IMC(64): 20.09-s003: (c) Copyright 1995-2021 Cadence Design Systems Inc - Simulator version: 20.09-s009 - Coverage engine version: 20.09-s009
Starting batch mode
imc> merge -overwrite -out cov_merged_output test*
imc: *I,MERGL1: Merging Simulation Coverage ...
----------------------------
imc: *I,MERGL1: Preparing target model ...
imc: *I,MERGL1: Reading model of primary run (cov_work/scope/test_sv1002) as initial model: cov_work/scope/icc_7fbba76e_69d889c9.ucm
imc: *I,MERGL1: Target model generated successfully.
imc: *I,MERGL1: Projecting Simulation ucd data into the target model ...
imc: *I,MERGL2:   cov_work/scope/test_sv1002:
imc: *I,MERGL3:       Data is projected in to the target model.
imc: *I,MERGL2:   cov_work/scope/test_sv1003:
imc: *I,MERGL3:       Data is projected in to the target model.
imc: *I,MERGL2:   cov_work/scope/test_sv1004:
imc: *I,MERGL3:       Data is projected in to the target model.
imc: *I,MERGL2:   cov_work/scope/test_sv1005:
imc: *I,MERGL3:       Data is projected in to the target model.
imc: *I,MERGL2:   cov_work/scope/test_sv1006:
imc: *I,MERGL3:       Data is projected in to the target model.
imc: *I,MERGL2:   cov_work/scope/test_sv1007:
imc: *I,MERGL3:       Data is projected in to the target model.
imc: *I,MERGL2:   cov_work/scope/test_sv1008:
imc: *I,MERGL3:       Data is projected in to the target model.
imc: *I,MERGL2:   cov_work/scope/test_sv1009:
imc: *I,MERGL3:       Data is projected in to the target model.
imc: *I,MERGL2:   cov_work/scope/test_sv1010:
imc: *I,MERGL3:       Data is projected in to the target model.
imc: *I,MERGL2:   cov_work/scope/test_sv1011:
imc: *I,MERGL3:       Data is projected in to the target model.
imc: *I,MERGL2:   cov_work/scope/test_sv1012:
imc: *I,MERGL3:       Data is projected in to the target model.
imc: *I,MERGL2:   cov_work/scope/test_sv1013:
imc: *I,MERGL3:       Data is projected in to the target model.
imc: *I,MERGL2:   cov_work/scope/test_sv1014:
imc: *I,MERGL3:       Data is projected in to the target model.
imc: *I,MERGL2:   cov_work/scope/test_sv1015:
imc: *I,MERGL3:       Data is projected in to the target model.
imc: *I,MERGL2:   cov_work/scope/test_sv1016:
imc: *I,MERGL3:       Data is projected in to the target model.
imc: *I,MERGL1: Writing output database cov_work/scope/cov_merged_output:
imc: *I,MERGL2:   Model: cov_work/scope/cov_merged_output/icc_7fbba76e_69d889c9.ucm
imc: *I,MERGL2:   Data : cov_work/scope/cov_merged_output/icc_7fbba76e_69d889c9.ucd
imc: *I,MERGL1: No Specman coverage databases found in the runs.
Total conflicts during target model creation: 0
Total items not merged                      : 0
Total runs not considered during target model creation: 0
Total runs not merged                                 : 0
imc> load -run ./cov_work/scope/cov_merged_output
imc: *I,RUNLD: Successfully loaded run /home/sgeuser33/Prajwal/memory_controller_with_ECC/Verification/SIM/cov_work/scope/cov_merged_output.
imc> report -detail -all -text -out cov_report.txt
imc: *W,REPDEP: This is a legacy report and no future enhancement is planned for this report. It is recommended that you use the 'report_metrics' command and generate a dynamic report.
imc> report -detail -text -out cov_uncovered_report.txt
imc: *W,REPDEP: This is a legacy report and no future enhancement is planned for this report. It is recommended that you use the 'report_metrics' command and generate a dynamic report.
imc> report -detail -html -out ./cov_report_html
imc: *W,REPDEP: This is a legacy report and no future enhancement is planned for this report. It is recommended that you use the 'report_metrics' command and generate a dynamic report.
imc: *E,OUTEXS: 0utput directory ./cov_report_html already exists, and will not be overwritten. Use the '-overwrite' option to overwrite the existing directory, or specify a different directory name with the -out option, and rerun the command.
