REGRESSION RESULTS
==================

PASSED TESTS: 150
test_name : mc_interrupt_disable_test    seed : 14353
test_name : mc_interrupt_disable_test    seed : 48692
test_name : mc_interrupt_disable_test    seed : 34164
test_name : mc_interrupt_disable_test    seed : 67769
test_name : mc_interrupt_disable_test    seed : 74847
test_name : mc_interrupt_disable_test    seed : 83854
test_name : mc_interrupt_disable_test    seed : 11423
test_name : mc_interrupt_disable_test    seed : 84968
test_name : mc_interrupt_disable_test    seed : 90929
test_name : mc_interrupt_disable_test    seed : 57345
test_name : mc_ecc_enable_test    seed : 80256
test_name : mc_ecc_enable_test    seed : 88619
test_name : mc_ecc_enable_test    seed : 23380
test_name : mc_ecc_enable_test    seed : 36983
test_name : mc_ecc_enable_test    seed : 1667
test_name : mc_ecc_enable_test    seed : 44237
test_name : mc_ecc_enable_test    seed : 8142
test_name : mc_ecc_enable_test    seed : 54408
test_name : mc_ecc_enable_test    seed : 32398
test_name : mc_ecc_enable_test    seed : 47196
test_name : mc_mem_initial_test    seed : 66367
test_name : mc_mem_initial_test    seed : 29620
test_name : mc_mem_initial_test    seed : 3005
test_name : mc_mem_initial_test    seed : 44515
test_name : mc_mem_initial_test    seed : 50768
test_name : mc_mem_initial_test    seed : 81767
test_name : mc_mem_initial_test    seed : 49338
test_name : mc_mem_initial_test    seed : 96468
test_name : mc_mem_initial_test    seed : 95578
test_name : mc_mem_initial_test    seed : 25024
test_name : mc_reset_test    seed : 53671
test_name : mc_reset_test    seed : 35017
test_name : mc_reset_test    seed : 16539
test_name : mc_reset_test    seed : 22838
test_name : mc_reset_test    seed : 5527
test_name : mc_reset_test    seed : 63781
test_name : mc_reset_test    seed : 28552
test_name : mc_reset_test    seed : 66585
test_name : mc_reset_test    seed : 26992
test_name : mc_reset_test    seed : 45776
test_name : mc_wrap_burst_test    seed : 41466
test_name : mc_wrap_burst_test    seed : 9762
test_name : mc_wrap_burst_test    seed : 59291
test_name : mc_wrap_burst_test    seed : 61060
test_name : mc_wrap_burst_test    seed : 33570
test_name : mc_wrap_burst_test    seed : 19283
test_name : mc_wrap_burst_test    seed : 71004
test_name : mc_wrap_burst_test    seed : 8462
test_name : mc_wrap_burst_test    seed : 32688
test_name : mc_wrap_burst_test    seed : 58465
test_name : mc_random_wr_rd_test    seed : 462
test_name : mc_random_wr_rd_test    seed : 22520
test_name : mc_random_wr_rd_test    seed : 96847
test_name : mc_random_wr_rd_test    seed : 37947
test_name : mc_random_wr_rd_test    seed : 70531
test_name : mc_random_wr_rd_test    seed : 78506
test_name : mc_random_wr_rd_test    seed : 40665
test_name : mc_random_wr_rd_test    seed : 21455
test_name : mc_random_wr_rd_test    seed : 30764
test_name : mc_random_wr_rd_test    seed : 41741
test_name : mc_fixed_burst_test    seed : 6182
test_name : mc_fixed_burst_test    seed : 52247
test_name : mc_fixed_burst_test    seed : 65343
test_name : mc_fixed_burst_test    seed : 60542
test_name : mc_fixed_burst_test    seed : 3774
test_name : mc_fixed_burst_test    seed : 36652
test_name : mc_fixed_burst_test    seed : 13580
test_name : mc_fixed_burst_test    seed : 9759
test_name : mc_fixed_burst_test    seed : 21879
test_name : mc_fixed_burst_test    seed : 35812
test_name : mc_increment_burst_test    seed : 49154
test_name : mc_increment_burst_test    seed : 20465
test_name : mc_increment_burst_test    seed : 15289
test_name : mc_increment_burst_test    seed : 42010
test_name : mc_increment_burst_test    seed : 53634
test_name : mc_increment_burst_test    seed : 13706
test_name : mc_increment_burst_test    seed : 67961
test_name : mc_increment_burst_test    seed : 57418
test_name : mc_increment_burst_test    seed : 55934
test_name : mc_increment_burst_test    seed : 26921
test_name : mc_double_bit_error_injection_test    seed : 95208
test_name : mc_double_bit_error_injection_test    seed : 20358
test_name : mc_double_bit_error_injection_test    seed : 31671
test_name : mc_double_bit_error_injection_test    seed : 41593
test_name : mc_double_bit_error_injection_test    seed : 4542
test_name : mc_double_bit_error_injection_test    seed : 95899
test_name : mc_double_bit_error_injection_test    seed : 12394
test_name : mc_double_bit_error_injection_test    seed : 2633
test_name : mc_double_bit_error_injection_test    seed : 97587
test_name : mc_double_bit_error_injection_test    seed : 36599
test_name : mc_soft_reset_test    seed : 24407
test_name : mc_soft_reset_test    seed : 52978
test_name : mc_soft_reset_test    seed : 35653
test_name : mc_soft_reset_test    seed : 37232
test_name : mc_soft_reset_test    seed : 98468
test_name : mc_soft_reset_test    seed : 81665
test_name : mc_soft_reset_test    seed : 47755
test_name : mc_soft_reset_test    seed : 30329
test_name : mc_soft_reset_test    seed : 85810
test_name : mc_soft_reset_test    seed : 17548
test_name : mc_interrupt_enable_test    seed : 65930
test_name : mc_interrupt_enable_test    seed : 62208
test_name : mc_interrupt_enable_test    seed : 11255
test_name : mc_interrupt_enable_test    seed : 62615
test_name : mc_interrupt_enable_test    seed : 83219
test_name : mc_interrupt_enable_test    seed : 30908
test_name : mc_interrupt_enable_test    seed : 52203
test_name : mc_interrupt_enable_test    seed : 94051
test_name : mc_interrupt_enable_test    seed : 44258
test_name : mc_interrupt_enable_test    seed : 76144
test_name : mc_ecc_disable_test    seed : 72095
test_name : mc_ecc_disable_test    seed : 19657
test_name : mc_ecc_disable_test    seed : 67071
test_name : mc_ecc_disable_test    seed : 69150
test_name : mc_ecc_disable_test    seed : 60731
test_name : mc_ecc_disable_test    seed : 20563
test_name : mc_ecc_disable_test    seed : 22812
test_name : mc_ecc_disable_test    seed : 28311
test_name : mc_ecc_disable_test    seed : 51350
test_name : mc_ecc_disable_test    seed : 83496
test_name : mc_single_bit_error_injection_test    seed : 53350
test_name : mc_single_bit_error_injection_test    seed : 70081
test_name : mc_single_bit_error_injection_test    seed : 38410
test_name : mc_single_bit_error_injection_test    seed : 13710
test_name : mc_single_bit_error_injection_test    seed : 15865
test_name : mc_single_bit_error_injection_test    seed : 18034
test_name : mc_single_bit_error_injection_test    seed : 10902
test_name : mc_single_bit_error_injection_test    seed : 32468
test_name : mc_single_bit_error_injection_test    seed : 10094
test_name : mc_single_bit_error_injection_test    seed : 24548
test_name : mc_random_wr_test    seed : 27276
test_name : mc_random_wr_test    seed : 29278
test_name : mc_random_wr_test    seed : 64369
test_name : mc_random_wr_test    seed : 86902
test_name : mc_random_wr_test    seed : 80551
test_name : mc_random_wr_test    seed : 40425
test_name : mc_random_wr_test    seed : 47702
test_name : mc_random_wr_test    seed : 53993
test_name : mc_random_wr_test    seed : 60075
test_name : mc_random_wr_test    seed : 19538
test_name : mc_parity_generator_test    seed : 99453
test_name : mc_parity_generator_test    seed : 52058
test_name : mc_parity_generator_test    seed : 91181
test_name : mc_parity_generator_test    seed : 12461
test_name : mc_parity_generator_test    seed : 57743
test_name : mc_parity_generator_test    seed : 2348
test_name : mc_parity_generator_test    seed : 90497
test_name : mc_parity_generator_test    seed : 33644
test_name : mc_parity_generator_test    seed : 50875
test_name : mc_parity_generator_test    seed : 44244

----------------
FAILED TESTS: 0
REGRESSION RESULTS
==================

PASSED TESTS: 30
test_name : mc_ecc_disable_test    seed : 13130
test_name : mc_ecc_disable_test    seed : 7699
test_name : mc_wrap_burst_test    seed : 27357
test_name : mc_wrap_burst_test    seed : 76540
test_name : mc_single_bit_error_injection_test    seed : 24118
test_name : mc_single_bit_error_injection_test    seed : 85179
test_name : mc_soft_reset_test    seed : 39673
test_name : mc_soft_reset_test    seed : 77154
test_name : mc_increment_burst_test    seed : 2230
test_name : mc_increment_burst_test    seed : 63884
test_name : mc_parity_generator_test    seed : 75286
test_name : mc_parity_generator_test    seed : 23170
test_name : mc_interrupt_disable_test    seed : 28941
test_name : mc_interrupt_disable_test    seed : 86337
test_name : mc_mem_initial_test    seed : 43869
test_name : mc_mem_initial_test    seed : 64429
test_name : mc_random_wr_test    seed : 37372
test_name : mc_random_wr_test    seed : 13680
test_name : mc_reset_test    seed : 82502
test_name : mc_reset_test    seed : 19671
test_name : mc_interrupt_enable_test    seed : 53515
test_name : mc_interrupt_enable_test    seed : 35980
test_name : mc_ecc_enable_test    seed : 19813
test_name : mc_ecc_enable_test    seed : 66312
test_name : mc_fixed_burst_test    seed : 91337
test_name : mc_fixed_burst_test    seed : 84802
test_name : mc_double_bit_error_injection_test    seed : 39219
test_name : mc_double_bit_error_injection_test    seed : 51692
test_name : mc_random_wr_rd_test    seed : 50328
test_name : mc_random_wr_rd_test    seed : 3131

----------------
FAILED TESTS: 0
